{
  "0 debug pnpm:scope": {
    "selected": 1
  },
  "1 error pnpm": {
    "errno": 1,
    "code": "ELIFECYCLE",
    "pkgid": "proj-nest@0.0.1",
    "stage": "start",
    "script": "nest start",
    "pkgname": "proj-nest",
    "err": {
      "name": "pnpm",
      "message": "proj-nest@0.0.1 start: `nest start`\nExit status 1",
      "code": "ELIFECYCLE",
      "stack": "pnpm: proj-nest@0.0.1 start: `nest start`\nExit status 1\n    at EventEmitter.<anonymous> (/usr/local/lib/node_modules/pnpm/dist/pnpm.cjs:108610:20)\n    at EventEmitter.emit (events.js:376:20)\n    at ChildProcess.<anonymous> (/usr/local/lib/node_modules/pnpm/dist/pnpm.cjs:95176:18)\n    at ChildProcess.emit (events.js:376:20)\n    at maybeClose (internal/child_process.js:1055:16)\n    at Process.ChildProcess._handle.onexit (internal/child_process.js:288:5)"
    }
  },
  "2 warn pnpm:global": " Local package.json exists, but node_modules missing, did you mean to install?"
}